<?xml version="1.0" encoding="UTF-8"?>
<!-- Generated by org.testng.reporters.JUnitReportReporter -->
<testsuite skipped="0" hostname="INHYDSRIKANTHP" name="com.moveware.testcases.TC_CodesCount" tests="1" failures="0" timestamp="01 Jul 2019 06:22:00 GMT" time="13.813" errors="0">
  <testcase name="CodesCount" time="13.813" classname="com.moveware.testcases.TC_CodesCount"/>
</testsuite> <!-- com.moveware.testcases.TC_CodesCount -->
