<?xml version="1.0" encoding="UTF-8"?>
<!-- Generated by org.testng.reporters.JUnitReportReporter -->
<testsuite skipped="0" hostname="INHYDSIVARAMK" name="com.moveware.system.codes.AddCode" tests="1" failures="0" timestamp="14 May 2019 13:11:12 GMT" time="1.060" errors="0">
  <testcase name="addCodes" time="1.060" classname="com.moveware.system.codes.AddCode"/>
</testsuite> <!-- com.moveware.system.codes.AddCode -->
