<?xml version="1.0" encoding="UTF-8"?>
<!-- Generated by org.testng.reporters.JUnitReportReporter -->
<testsuite skipped="0" hostname="INHYDSIVARAMK" name="com.moveware.system.codes.ManageCodes" tests="1" failures="0" timestamp="20 May 2019 10:14:04 GMT" time="15.874" errors="0">
  <testcase name="addCodes" time="15.874" classname="com.moveware.system.codes.ManageCodes"/>
</testsuite> <!-- com.moveware.system.codes.ManageCodes -->
